2015/02/26 20:54:47 [error] [php] Cannot modify header information - headers already sent by (output started at D:\openserver\OpenServer\domains\yii-test\protected\controllers\CurrenciesController.php:86) (D:\openserver\OpenServer\framework\yii-1-1-14\framework\web\CHttpRequest.php:803)
Stack trace:
#0 D:\openserver\OpenServer\domains\yii-test\protected\controllers\CurrenciesController.php(88): CurrenciesController->redirect()
#1 D:\openserver\OpenServer\framework\yii-1-1-14\framework\web\actions\CInlineAction.php(49): CurrenciesController->actionCreate()
#2 D:\openserver\OpenServer\framework\yii-1-1-14\framework\web\CController.php(308): CInlineAction->runWithParams()
#3 D:\openserver\OpenServer\framework\yii-1-1-14\framework\web\filters\CFilterChain.php(133): CurrenciesController->runAction()
#4 D:\openserver\OpenServer\framework\yii-1-1-14\framework\web\CController.php(291): CFilterChain->run()
#5 D:\openserver\OpenServer\framework\yii-1-1-14\framework\web\CController.php(265): CurrenciesController->runActionWithFilters()
#6 D:\openserver\OpenServer\framework\yii-1-1-14\framework\web\CWebApplication.php(282): CurrenciesController->run()
#7 D:\openserver\OpenServer\framework\yii-1-1-14\framework\web\CWebApplication.php(141): CWebApplication->runController()
#8 D:\openserver\OpenServer\framework\yii-1-1-14\framework\base\CApplication.php(180): CWebApplication->processRequest()
#9 D:\openserver\OpenServer\domains\yii-test\index.php(13): CWebApplication->run()
REQUEST_URI=/index.php?r=currencies/create
in D:\openserver\OpenServer\domains\yii-test\protected\controllers\CurrenciesController.php (88)
in D:\openserver\OpenServer\domains\yii-test\index.php (13)
2015/02/26 20:56:06 [error] [php] Cannot modify header information - headers already sent by (output started at D:\openserver\OpenServer\domains\yii-test\protected\controllers\CurrenciesController.php:86) (D:\openserver\OpenServer\framework\yii-1-1-14\framework\web\CHttpRequest.php:803)
Stack trace:
#0 D:\openserver\OpenServer\domains\yii-test\protected\controllers\CurrenciesController.php(89): CurrenciesController->redirect()
#1 D:\openserver\OpenServer\framework\yii-1-1-14\framework\web\actions\CInlineAction.php(49): CurrenciesController->actionCreate()
#2 D:\openserver\OpenServer\framework\yii-1-1-14\framework\web\CController.php(308): CInlineAction->runWithParams()
#3 D:\openserver\OpenServer\framework\yii-1-1-14\framework\web\filters\CFilterChain.php(133): CurrenciesController->runAction()
#4 D:\openserver\OpenServer\framework\yii-1-1-14\framework\web\CController.php(291): CFilterChain->run()
#5 D:\openserver\OpenServer\framework\yii-1-1-14\framework\web\CController.php(265): CurrenciesController->runActionWithFilters()
#6 D:\openserver\OpenServer\framework\yii-1-1-14\framework\web\CWebApplication.php(282): CurrenciesController->run()
#7 D:\openserver\OpenServer\framework\yii-1-1-14\framework\web\CWebApplication.php(141): CWebApplication->runController()
#8 D:\openserver\OpenServer\framework\yii-1-1-14\framework\base\CApplication.php(180): CWebApplication->processRequest()
#9 D:\openserver\OpenServer\domains\yii-test\index.php(13): CWebApplication->run()
REQUEST_URI=/index.php?r=currencies/create
in D:\openserver\OpenServer\domains\yii-test\protected\controllers\CurrenciesController.php (89)
in D:\openserver\OpenServer\domains\yii-test\index.php (13)
2015/02/26 21:17:18 [error] [php] Cannot modify header information - headers already sent by (output started at D:\openserver\OpenServer\domains\yii-test\protected\controllers\CurrenciesController.php:85) (D:\openserver\OpenServer\framework\yii-1-1-14\framework\web\CHttpRequest.php:803)
Stack trace:
#0 D:\openserver\OpenServer\domains\yii-test\protected\controllers\CurrenciesController.php(93): CurrenciesController->redirect()
#1 D:\openserver\OpenServer\framework\yii-1-1-14\framework\web\actions\CInlineAction.php(49): CurrenciesController->actionCreate()
#2 D:\openserver\OpenServer\framework\yii-1-1-14\framework\web\CController.php(308): CInlineAction->runWithParams()
#3 D:\openserver\OpenServer\framework\yii-1-1-14\framework\web\filters\CFilterChain.php(133): CurrenciesController->runAction()
#4 D:\openserver\OpenServer\framework\yii-1-1-14\framework\web\CController.php(291): CFilterChain->run()
#5 D:\openserver\OpenServer\framework\yii-1-1-14\framework\web\CController.php(265): CurrenciesController->runActionWithFilters()
#6 D:\openserver\OpenServer\framework\yii-1-1-14\framework\web\CWebApplication.php(282): CurrenciesController->run()
#7 D:\openserver\OpenServer\framework\yii-1-1-14\framework\web\CWebApplication.php(141): CWebApplication->runController()
#8 D:\openserver\OpenServer\framework\yii-1-1-14\framework\base\CApplication.php(180): CWebApplication->processRequest()
#9 D:\openserver\OpenServer\domains\yii-test\index.php(13): CWebApplication->run()
REQUEST_URI=/index.php?r=currencies/create
in D:\openserver\OpenServer\domains\yii-test\protected\controllers\CurrenciesController.php (93)
in D:\openserver\OpenServer\domains\yii-test\index.php (13)
2015/02/26 21:21:58 [error] [php] Illegal offset type (D:\openserver\OpenServer\domains\yii-test\protected\controllers\CurrenciesController.php:88)
Stack trace:
#0 D:\openserver\OpenServer\framework\yii-1-1-14\framework\web\filters\CFilterChain.php(133): CurrenciesController->runAction()
#1 D:\openserver\OpenServer\framework\yii-1-1-14\framework\web\CController.php(291): CFilterChain->run()
#2 D:\openserver\OpenServer\framework\yii-1-1-14\framework\web\CController.php(265): CurrenciesController->runActionWithFilters()
#3 D:\openserver\OpenServer\framework\yii-1-1-14\framework\web\CWebApplication.php(282): CurrenciesController->run()
#4 D:\openserver\OpenServer\framework\yii-1-1-14\framework\web\CWebApplication.php(141): CWebApplication->runController()
#5 D:\openserver\OpenServer\framework\yii-1-1-14\framework\base\CApplication.php(180): CWebApplication->processRequest()
#6 D:\openserver\OpenServer\domains\yii-test\index.php(13): CWebApplication->run()
REQUEST_URI=/index.php?r=currencies/create
in D:\openserver\OpenServer\domains\yii-test\protected\controllers\CurrenciesController.php (88)
in D:\openserver\OpenServer\domains\yii-test\index.php (13)
2015/02/26 21:22:30 [error] [php] Cannot modify header information - headers already sent by (output started at D:\openserver\OpenServer\domains\yii-test\protected\controllers\CurrenciesController.php:90) (D:\openserver\OpenServer\framework\yii-1-1-14\framework\web\CHttpRequest.php:803)
Stack trace:
#0 D:\openserver\OpenServer\domains\yii-test\protected\controllers\CurrenciesController.php(99): CurrenciesController->redirect()
#1 D:\openserver\OpenServer\framework\yii-1-1-14\framework\web\actions\CInlineAction.php(49): CurrenciesController->actionCreate()
#2 D:\openserver\OpenServer\framework\yii-1-1-14\framework\web\CController.php(308): CInlineAction->runWithParams()
#3 D:\openserver\OpenServer\framework\yii-1-1-14\framework\web\filters\CFilterChain.php(133): CurrenciesController->runAction()
#4 D:\openserver\OpenServer\framework\yii-1-1-14\framework\web\CController.php(291): CFilterChain->run()
#5 D:\openserver\OpenServer\framework\yii-1-1-14\framework\web\CController.php(265): CurrenciesController->runActionWithFilters()
#6 D:\openserver\OpenServer\framework\yii-1-1-14\framework\web\CWebApplication.php(282): CurrenciesController->run()
#7 D:\openserver\OpenServer\framework\yii-1-1-14\framework\web\CWebApplication.php(141): CWebApplication->runController()
#8 D:\openserver\OpenServer\framework\yii-1-1-14\framework\base\CApplication.php(180): CWebApplication->processRequest()
#9 D:\openserver\OpenServer\domains\yii-test\index.php(13): CWebApplication->run()
REQUEST_URI=/index.php?r=currencies/create
in D:\openserver\OpenServer\domains\yii-test\protected\controllers\CurrenciesController.php (99)
in D:\openserver\OpenServer\domains\yii-test\index.php (13)
2015/02/26 21:23:01 [error] [php] Illegal offset type (D:\openserver\OpenServer\domains\yii-test\protected\controllers\CurrenciesController.php:88)
Stack trace:
#0 D:\openserver\OpenServer\framework\yii-1-1-14\framework\web\filters\CFilterChain.php(133): CurrenciesController->runAction()
#1 D:\openserver\OpenServer\framework\yii-1-1-14\framework\web\CController.php(291): CFilterChain->run()
#2 D:\openserver\OpenServer\framework\yii-1-1-14\framework\web\CController.php(265): CurrenciesController->runActionWithFilters()
#3 D:\openserver\OpenServer\framework\yii-1-1-14\framework\web\CWebApplication.php(282): CurrenciesController->run()
#4 D:\openserver\OpenServer\framework\yii-1-1-14\framework\web\CWebApplication.php(141): CWebApplication->runController()
#5 D:\openserver\OpenServer\framework\yii-1-1-14\framework\base\CApplication.php(180): CWebApplication->processRequest()
#6 D:\openserver\OpenServer\domains\yii-test\index.php(13): CWebApplication->run()
REQUEST_URI=/index.php?r=currencies/create
in D:\openserver\OpenServer\domains\yii-test\protected\controllers\CurrenciesController.php (88)
in D:\openserver\OpenServer\domains\yii-test\index.php (13)
2015/02/26 21:24:55 [error] [php] Illegal offset type (D:\openserver\OpenServer\domains\yii-test\protected\controllers\CurrenciesController.php:88)
Stack trace:
#0 D:\openserver\OpenServer\framework\yii-1-1-14\framework\web\filters\CFilterChain.php(133): CurrenciesController->runAction()
#1 D:\openserver\OpenServer\framework\yii-1-1-14\framework\web\CController.php(291): CFilterChain->run()
#2 D:\openserver\OpenServer\framework\yii-1-1-14\framework\web\CController.php(265): CurrenciesController->runActionWithFilters()
#3 D:\openserver\OpenServer\framework\yii-1-1-14\framework\web\CWebApplication.php(282): CurrenciesController->run()
#4 D:\openserver\OpenServer\framework\yii-1-1-14\framework\web\CWebApplication.php(141): CWebApplication->runController()
#5 D:\openserver\OpenServer\framework\yii-1-1-14\framework\base\CApplication.php(180): CWebApplication->processRequest()
#6 D:\openserver\OpenServer\domains\yii-test\index.php(13): CWebApplication->run()
REQUEST_URI=/index.php?r=currencies/create
in D:\openserver\OpenServer\domains\yii-test\protected\controllers\CurrenciesController.php (88)
in D:\openserver\OpenServer\domains\yii-test\index.php (13)
2015/02/26 21:27:52 [error] [php] Cannot modify header information - headers already sent by (output started at D:\openserver\OpenServer\domains\yii-test\protected\controllers\CurrenciesController.php:82) (D:\openserver\OpenServer\framework\yii-1-1-14\framework\web\CHttpRequest.php:803)
Stack trace:
#0 D:\openserver\OpenServer\domains\yii-test\protected\controllers\CurrenciesController.php(99): CurrenciesController->redirect()
#1 D:\openserver\OpenServer\framework\yii-1-1-14\framework\web\actions\CInlineAction.php(49): CurrenciesController->actionCreate()
#2 D:\openserver\OpenServer\framework\yii-1-1-14\framework\web\CController.php(308): CInlineAction->runWithParams()
#3 D:\openserver\OpenServer\framework\yii-1-1-14\framework\web\filters\CFilterChain.php(133): CurrenciesController->runAction()
#4 D:\openserver\OpenServer\framework\yii-1-1-14\framework\web\CController.php(291): CFilterChain->run()
#5 D:\openserver\OpenServer\framework\yii-1-1-14\framework\web\CController.php(265): CurrenciesController->runActionWithFilters()
#6 D:\openserver\OpenServer\framework\yii-1-1-14\framework\web\CWebApplication.php(282): CurrenciesController->run()
#7 D:\openserver\OpenServer\framework\yii-1-1-14\framework\web\CWebApplication.php(141): CWebApplication->runController()
#8 D:\openserver\OpenServer\framework\yii-1-1-14\framework\base\CApplication.php(180): CWebApplication->processRequest()
#9 D:\openserver\OpenServer\domains\yii-test\index.php(13): CWebApplication->run()
REQUEST_URI=/index.php?r=currencies/create
in D:\openserver\OpenServer\domains\yii-test\protected\controllers\CurrenciesController.php (99)
in D:\openserver\OpenServer\domains\yii-test\index.php (13)
2015/02/26 21:30:54 [error] [exception.CException] exception 'CException' with message 'Property "Currencies.()->name" is not defined.' in D:\openserver\OpenServer\framework\yii-1-1-14\framework\base\CComponent.php:130
Stack trace:
#0 D:\openserver\OpenServer\framework\yii-1-1-14\framework\db\ar\CActiveRecord.php(145): CComponent->__get('()->name')
#1 D:\openserver\OpenServer\domains\yii-test\protected\controllers\CurrenciesController.php(87): CActiveRecord->__get('()->name')
#2 D:\openserver\OpenServer\framework\yii-1-1-14\framework\web\actions\CInlineAction.php(49): CurrenciesController->actionCreate()
#3 D:\openserver\OpenServer\framework\yii-1-1-14\framework\web\CController.php(308): CInlineAction->runWithParams(Array)
#4 D:\openserver\OpenServer\framework\yii-1-1-14\framework\web\filters\CFilterChain.php(133): CController->runAction(Object(CInlineAction))
#5 D:\openserver\OpenServer\framework\yii-1-1-14\framework\web\CController.php(291): CFilterChain->run()
#6 D:\openserver\OpenServer\framework\yii-1-1-14\framework\web\CController.php(265): CController->runActionWithFilters(Object(CInlineAction), Array)
#7 D:\openserver\OpenServer\framework\yii-1-1-14\framework\web\CWebApplication.php(282): CController->run('create')
#8 D:\openserver\OpenServer\framework\yii-1-1-14\framework\web\CWebApplication.php(141): CWebApplication->runController('currencies/crea...')
#9 D:\openserver\OpenServer\framework\yii-1-1-14\framework\base\CApplication.php(180): CWebApplication->processRequest()
#10 D:\openserver\OpenServer\domains\yii-test\index.php(13): CApplication->run()
#11 {main}
REQUEST_URI=/index.php?r=currencies/create
HTTP_REFERER=http://yii-test/index.php?r=currencies/create
---
2015/02/26 21:40:43 [error] [php] Cannot modify header information - headers already sent by (output started at D:\openserver\OpenServer\domains\yii-test\protected\controllers\CurrenciesController.php:90) (D:\openserver\OpenServer\framework\yii-1-1-14\framework\web\CHttpRequest.php:803)
Stack trace:
#0 D:\openserver\OpenServer\domains\yii-test\protected\controllers\CurrenciesController.php(100): CurrenciesController->redirect()
#1 D:\openserver\OpenServer\framework\yii-1-1-14\framework\web\actions\CInlineAction.php(49): CurrenciesController->actionCreate()
#2 D:\openserver\OpenServer\framework\yii-1-1-14\framework\web\CController.php(308): CInlineAction->runWithParams()
#3 D:\openserver\OpenServer\framework\yii-1-1-14\framework\web\filters\CFilterChain.php(133): CurrenciesController->runAction()
#4 D:\openserver\OpenServer\framework\yii-1-1-14\framework\web\CController.php(291): CFilterChain->run()
#5 D:\openserver\OpenServer\framework\yii-1-1-14\framework\web\CController.php(265): CurrenciesController->runActionWithFilters()
#6 D:\openserver\OpenServer\framework\yii-1-1-14\framework\web\CWebApplication.php(282): CurrenciesController->run()
#7 D:\openserver\OpenServer\framework\yii-1-1-14\framework\web\CWebApplication.php(141): CWebApplication->runController()
#8 D:\openserver\OpenServer\framework\yii-1-1-14\framework\base\CApplication.php(180): CWebApplication->processRequest()
#9 D:\openserver\OpenServer\domains\yii-test\index.php(13): CWebApplication->run()
REQUEST_URI=/index.php?r=currencies/create
in D:\openserver\OpenServer\domains\yii-test\protected\controllers\CurrenciesController.php (100)
in D:\openserver\OpenServer\domains\yii-test\index.php (13)
2015/02/26 21:41:26 [error] [php] Cannot modify header information - headers already sent by (output started at D:\openserver\OpenServer\domains\yii-test\protected\controllers\CurrenciesController.php:90) (D:\openserver\OpenServer\framework\yii-1-1-14\framework\web\CHttpRequest.php:803)
Stack trace:
#0 D:\openserver\OpenServer\domains\yii-test\protected\controllers\CurrenciesController.php(100): CurrenciesController->redirect()
#1 D:\openserver\OpenServer\framework\yii-1-1-14\framework\web\actions\CInlineAction.php(49): CurrenciesController->actionCreate()
#2 D:\openserver\OpenServer\framework\yii-1-1-14\framework\web\CController.php(308): CInlineAction->runWithParams()
#3 D:\openserver\OpenServer\framework\yii-1-1-14\framework\web\filters\CFilterChain.php(133): CurrenciesController->runAction()
#4 D:\openserver\OpenServer\framework\yii-1-1-14\framework\web\CController.php(291): CFilterChain->run()
#5 D:\openserver\OpenServer\framework\yii-1-1-14\framework\web\CController.php(265): CurrenciesController->runActionWithFilters()
#6 D:\openserver\OpenServer\framework\yii-1-1-14\framework\web\CWebApplication.php(282): CurrenciesController->run()
#7 D:\openserver\OpenServer\framework\yii-1-1-14\framework\web\CWebApplication.php(141): CWebApplication->runController()
#8 D:\openserver\OpenServer\framework\yii-1-1-14\framework\base\CApplication.php(180): CWebApplication->processRequest()
#9 D:\openserver\OpenServer\domains\yii-test\index.php(13): CWebApplication->run()
REQUEST_URI=/index.php?r=currencies/create
in D:\openserver\OpenServer\domains\yii-test\protected\controllers\CurrenciesController.php (100)
in D:\openserver\OpenServer\domains\yii-test\index.php (13)
2015/02/26 21:41:39 [error] [php] Cannot modify header information - headers already sent by (output started at D:\openserver\OpenServer\domains\yii-test\protected\controllers\CurrenciesController.php:90) (D:\openserver\OpenServer\framework\yii-1-1-14\framework\web\CHttpRequest.php:803)
Stack trace:
#0 D:\openserver\OpenServer\domains\yii-test\protected\controllers\CurrenciesController.php(100): CurrenciesController->redirect()
#1 D:\openserver\OpenServer\framework\yii-1-1-14\framework\web\actions\CInlineAction.php(49): CurrenciesController->actionCreate()
#2 D:\openserver\OpenServer\framework\yii-1-1-14\framework\web\CController.php(308): CInlineAction->runWithParams()
#3 D:\openserver\OpenServer\framework\yii-1-1-14\framework\web\filters\CFilterChain.php(133): CurrenciesController->runAction()
#4 D:\openserver\OpenServer\framework\yii-1-1-14\framework\web\CController.php(291): CFilterChain->run()
#5 D:\openserver\OpenServer\framework\yii-1-1-14\framework\web\CController.php(265): CurrenciesController->runActionWithFilters()
#6 D:\openserver\OpenServer\framework\yii-1-1-14\framework\web\CWebApplication.php(282): CurrenciesController->run()
#7 D:\openserver\OpenServer\framework\yii-1-1-14\framework\web\CWebApplication.php(141): CWebApplication->runController()
#8 D:\openserver\OpenServer\framework\yii-1-1-14\framework\base\CApplication.php(180): CWebApplication->processRequest()
#9 D:\openserver\OpenServer\domains\yii-test\index.php(13): CWebApplication->run()
REQUEST_URI=/index.php?r=currencies/create
in D:\openserver\OpenServer\domains\yii-test\protected\controllers\CurrenciesController.php (100)
in D:\openserver\OpenServer\domains\yii-test\index.php (13)
2015/02/26 21:42:19 [error] [exception.CException] exception 'CException' with message 'Property "Currencies." is not defined.' in D:\openserver\OpenServer\framework\yii-1-1-14\framework\base\CComponent.php:173
Stack trace:
#0 D:\openserver\OpenServer\framework\yii-1-1-14\framework\db\ar\CActiveRecord.php(161): CComponent->__set('', '1.699951')
#1 D:\openserver\OpenServer\domains\yii-test\protected\controllers\CurrenciesController.php(87): CActiveRecord->__set('', '1.699951')
#2 D:\openserver\OpenServer\framework\yii-1-1-14\framework\web\actions\CInlineAction.php(49): CurrenciesController->actionCreate()
#3 D:\openserver\OpenServer\framework\yii-1-1-14\framework\web\CController.php(308): CInlineAction->runWithParams(Array)
#4 D:\openserver\OpenServer\framework\yii-1-1-14\framework\web\filters\CFilterChain.php(133): CController->runAction(Object(CInlineAction))
#5 D:\openserver\OpenServer\framework\yii-1-1-14\framework\web\CController.php(291): CFilterChain->run()
#6 D:\openserver\OpenServer\framework\yii-1-1-14\framework\web\CController.php(265): CController->runActionWithFilters(Object(CInlineAction), Array)
#7 D:\openserver\OpenServer\framework\yii-1-1-14\framework\web\CWebApplication.php(282): CController->run('create')
#8 D:\openserver\OpenServer\framework\yii-1-1-14\framework\web\CWebApplication.php(141): CWebApplication->runController('currencies/crea...')
#9 D:\openserver\OpenServer\framework\yii-1-1-14\framework\base\CApplication.php(180): CWebApplication->processRequest()
#10 D:\openserver\OpenServer\domains\yii-test\index.php(13): CApplication->run()
#11 {main}
REQUEST_URI=/index.php?r=currencies/create
HTTP_REFERER=http://yii-test/index.php?r=currencies/create
---
2015/02/26 21:42:23 [error] [exception.CException] exception 'CException' with message 'Property "Currencies." is not defined.' in D:\openserver\OpenServer\framework\yii-1-1-14\framework\base\CComponent.php:173
Stack trace:
#0 D:\openserver\OpenServer\framework\yii-1-1-14\framework\db\ar\CActiveRecord.php(161): CComponent->__set('', 'USD/KRW')
#1 D:\openserver\OpenServer\domains\yii-test\protected\controllers\CurrenciesController.php(87): CActiveRecord->__set('', 'USD/KRW')
#2 D:\openserver\OpenServer\framework\yii-1-1-14\framework\web\actions\CInlineAction.php(49): CurrenciesController->actionCreate()
#3 D:\openserver\OpenServer\framework\yii-1-1-14\framework\web\CController.php(308): CInlineAction->runWithParams(Array)
#4 D:\openserver\OpenServer\framework\yii-1-1-14\framework\web\filters\CFilterChain.php(133): CController->runAction(Object(CInlineAction))
#5 D:\openserver\OpenServer\framework\yii-1-1-14\framework\web\CController.php(291): CFilterChain->run()
#6 D:\openserver\OpenServer\framework\yii-1-1-14\framework\web\CController.php(265): CController->runActionWithFilters(Object(CInlineAction), Array)
#7 D:\openserver\OpenServer\framework\yii-1-1-14\framework\web\CWebApplication.php(282): CController->run('create')
#8 D:\openserver\OpenServer\framework\yii-1-1-14\framework\web\CWebApplication.php(141): CWebApplication->runController('currencies/crea...')
#9 D:\openserver\OpenServer\framework\yii-1-1-14\framework\base\CApplication.php(180): CWebApplication->processRequest()
#10 D:\openserver\OpenServer\domains\yii-test\index.php(13): CApplication->run()
#11 {main}
REQUEST_URI=/index.php?r=currencies/create
HTTP_REFERER=http://yii-test/index.php?r=currencies/create
---
2015/02/26 21:43:16 [error] [php] Cannot modify header information - headers already sent by (output started at D:\openserver\OpenServer\domains\yii-test\protected\controllers\CurrenciesController.php:90) (D:\openserver\OpenServer\framework\yii-1-1-14\framework\web\CHttpRequest.php:803)
Stack trace:
#0 D:\openserver\OpenServer\domains\yii-test\protected\controllers\CurrenciesController.php(100): CurrenciesController->redirect()
#1 D:\openserver\OpenServer\framework\yii-1-1-14\framework\web\actions\CInlineAction.php(49): CurrenciesController->actionCreate()
#2 D:\openserver\OpenServer\framework\yii-1-1-14\framework\web\CController.php(308): CInlineAction->runWithParams()
#3 D:\openserver\OpenServer\framework\yii-1-1-14\framework\web\filters\CFilterChain.php(133): CurrenciesController->runAction()
#4 D:\openserver\OpenServer\framework\yii-1-1-14\framework\web\CController.php(291): CFilterChain->run()
#5 D:\openserver\OpenServer\framework\yii-1-1-14\framework\web\CController.php(265): CurrenciesController->runActionWithFilters()
#6 D:\openserver\OpenServer\framework\yii-1-1-14\framework\web\CWebApplication.php(282): CurrenciesController->run()
#7 D:\openserver\OpenServer\framework\yii-1-1-14\framework\web\CWebApplication.php(141): CWebApplication->runController()
#8 D:\openserver\OpenServer\framework\yii-1-1-14\framework\base\CApplication.php(180): CWebApplication->processRequest()
#9 D:\openserver\OpenServer\domains\yii-test\index.php(13): CWebApplication->run()
REQUEST_URI=/index.php?r=currencies/create
in D:\openserver\OpenServer\domains\yii-test\protected\controllers\CurrenciesController.php (100)
in D:\openserver\OpenServer\domains\yii-test\index.php (13)
2015/02/26 21:46:54 [error] [php] Cannot modify header information - headers already sent by (output started at D:\openserver\OpenServer\domains\yii-test\protected\controllers\CurrenciesController.php:88) (D:\openserver\OpenServer\framework\yii-1-1-14\framework\web\CHttpRequest.php:803)
Stack trace:
#0 D:\openserver\OpenServer\domains\yii-test\protected\controllers\CurrenciesController.php(98): CurrenciesController->redirect()
#1 D:\openserver\OpenServer\framework\yii-1-1-14\framework\web\actions\CInlineAction.php(49): CurrenciesController->actionCreate()
#2 D:\openserver\OpenServer\framework\yii-1-1-14\framework\web\CController.php(308): CInlineAction->runWithParams()
#3 D:\openserver\OpenServer\framework\yii-1-1-14\framework\web\filters\CFilterChain.php(133): CurrenciesController->runAction()
#4 D:\openserver\OpenServer\framework\yii-1-1-14\framework\web\CController.php(291): CFilterChain->run()
#5 D:\openserver\OpenServer\framework\yii-1-1-14\framework\web\CController.php(265): CurrenciesController->runActionWithFilters()
#6 D:\openserver\OpenServer\framework\yii-1-1-14\framework\web\CWebApplication.php(282): CurrenciesController->run()
#7 D:\openserver\OpenServer\framework\yii-1-1-14\framework\web\CWebApplication.php(141): CWebApplication->runController()
#8 D:\openserver\OpenServer\framework\yii-1-1-14\framework\base\CApplication.php(180): CWebApplication->processRequest()
#9 D:\openserver\OpenServer\domains\yii-test\index.php(13): CWebApplication->run()
REQUEST_URI=/index.php?r=currencies/create
in D:\openserver\OpenServer\domains\yii-test\protected\controllers\CurrenciesController.php (98)
in D:\openserver\OpenServer\domains\yii-test\index.php (13)
2015/02/26 21:47:04 [error] [php] Cannot modify header information - headers already sent by (output started at D:\openserver\OpenServer\domains\yii-test\protected\controllers\CurrenciesController.php:88) (D:\openserver\OpenServer\framework\yii-1-1-14\framework\web\CHttpRequest.php:803)
Stack trace:
#0 D:\openserver\OpenServer\domains\yii-test\protected\controllers\CurrenciesController.php(98): CurrenciesController->redirect()
#1 D:\openserver\OpenServer\framework\yii-1-1-14\framework\web\actions\CInlineAction.php(49): CurrenciesController->actionCreate()
#2 D:\openserver\OpenServer\framework\yii-1-1-14\framework\web\CController.php(308): CInlineAction->runWithParams()
#3 D:\openserver\OpenServer\framework\yii-1-1-14\framework\web\filters\CFilterChain.php(133): CurrenciesController->runAction()
#4 D:\openserver\OpenServer\framework\yii-1-1-14\framework\web\CController.php(291): CFilterChain->run()
#5 D:\openserver\OpenServer\framework\yii-1-1-14\framework\web\CController.php(265): CurrenciesController->runActionWithFilters()
#6 D:\openserver\OpenServer\framework\yii-1-1-14\framework\web\CWebApplication.php(282): CurrenciesController->run()
#7 D:\openserver\OpenServer\framework\yii-1-1-14\framework\web\CWebApplication.php(141): CWebApplication->runController()
#8 D:\openserver\OpenServer\framework\yii-1-1-14\framework\base\CApplication.php(180): CWebApplication->processRequest()
#9 D:\openserver\OpenServer\domains\yii-test\index.php(13): CWebApplication->run()
REQUEST_URI=/index.php?r=currencies/create
in D:\openserver\OpenServer\domains\yii-test\protected\controllers\CurrenciesController.php (98)
in D:\openserver\OpenServer\domains\yii-test\index.php (13)
2015/02/26 21:50:40 [error] [php] Cannot modify header information - headers already sent by (output started at D:\openserver\OpenServer\domains\yii-test\protected\controllers\CurrenciesController.php:88) (D:\openserver\OpenServer\framework\yii-1-1-14\framework\web\CHttpRequest.php:803)
Stack trace:
#0 D:\openserver\OpenServer\domains\yii-test\protected\controllers\CurrenciesController.php(97): CurrenciesController->redirect()
#1 D:\openserver\OpenServer\framework\yii-1-1-14\framework\web\actions\CInlineAction.php(49): CurrenciesController->actionCreate()
#2 D:\openserver\OpenServer\framework\yii-1-1-14\framework\web\CController.php(308): CInlineAction->runWithParams()
#3 D:\openserver\OpenServer\framework\yii-1-1-14\framework\web\filters\CFilterChain.php(133): CurrenciesController->runAction()
#4 D:\openserver\OpenServer\framework\yii-1-1-14\framework\web\CController.php(291): CFilterChain->run()
#5 D:\openserver\OpenServer\framework\yii-1-1-14\framework\web\CController.php(265): CurrenciesController->runActionWithFilters()
#6 D:\openserver\OpenServer\framework\yii-1-1-14\framework\web\CWebApplication.php(282): CurrenciesController->run()
#7 D:\openserver\OpenServer\framework\yii-1-1-14\framework\web\CWebApplication.php(141): CWebApplication->runController()
#8 D:\openserver\OpenServer\framework\yii-1-1-14\framework\base\CApplication.php(180): CWebApplication->processRequest()
#9 D:\openserver\OpenServer\domains\yii-test\index.php(13): CWebApplication->run()
REQUEST_URI=/index.php?r=currencies/create
in D:\openserver\OpenServer\domains\yii-test\protected\controllers\CurrenciesController.php (97)
in D:\openserver\OpenServer\domains\yii-test\index.php (13)
2015/02/26 21:52:16 [error] [php] Cannot modify header information - headers already sent by (output started at D:\openserver\OpenServer\domains\yii-test\protected\controllers\CurrenciesController.php:93) (D:\openserver\OpenServer\framework\yii-1-1-14\framework\web\CHttpRequest.php:803)
Stack trace:
#0 D:\openserver\OpenServer\domains\yii-test\protected\controllers\CurrenciesController.php(103): CurrenciesController->redirect()
#1 D:\openserver\OpenServer\framework\yii-1-1-14\framework\web\actions\CInlineAction.php(49): CurrenciesController->actionCreate()
#2 D:\openserver\OpenServer\framework\yii-1-1-14\framework\web\CController.php(308): CInlineAction->runWithParams()
#3 D:\openserver\OpenServer\framework\yii-1-1-14\framework\web\filters\CFilterChain.php(133): CurrenciesController->runAction()
#4 D:\openserver\OpenServer\framework\yii-1-1-14\framework\web\CController.php(291): CFilterChain->run()
#5 D:\openserver\OpenServer\framework\yii-1-1-14\framework\web\CController.php(265): CurrenciesController->runActionWithFilters()
#6 D:\openserver\OpenServer\framework\yii-1-1-14\framework\web\CWebApplication.php(282): CurrenciesController->run()
#7 D:\openserver\OpenServer\framework\yii-1-1-14\framework\web\CWebApplication.php(141): CWebApplication->runController()
#8 D:\openserver\OpenServer\framework\yii-1-1-14\framework\base\CApplication.php(180): CWebApplication->processRequest()
#9 D:\openserver\OpenServer\domains\yii-test\index.php(13): CWebApplication->run()
REQUEST_URI=/index.php?r=currencies/create
in D:\openserver\OpenServer\domains\yii-test\protected\controllers\CurrenciesController.php (103)
in D:\openserver\OpenServer\domains\yii-test\index.php (13)
2015/02/26 22:03:27 [error] [system.db.CDbCommand] CDbCommand::execute() failed: SQLSTATE[42000]: Syntax error or access violation: 1064 You have an error in your SQL syntax; check the manual that corresponds to your MySQL server version for the right syntax to use near 'change,chg_percent,name,price,symbol,ts,type,utctime,volume) VALUES ('1.949951',' at line 1. The SQL statement executed was: INSERT INTO currencies (change,chg_percent,name,price,symbol,ts,type,utctime,volume) VALUES ('1.949951','0.177189','USD/KRW','1102.444946','KRW=X','1424973670','currency','2015-02-26T18:01:10+0000','0').
in D:\openserver\OpenServer\domains\yii-test\protected\controllers\CurrenciesController.php (78)
in D:\openserver\OpenServer\domains\yii-test\index.php (13)
2015/02/26 22:03:27 [error] [exception.CDbException] exception 'CDbException' with message 'CDbCommand failed to execute the SQL statement: SQLSTATE[42000]: Syntax error or access violation: 1064 You have an error in your SQL syntax; check the manual that corresponds to your MySQL server version for the right syntax to use near 'change,chg_percent,name,price,symbol,ts,type,utctime,volume) VALUES ('1.949951',' at line 1. The SQL statement executed was: INSERT INTO currencies (change,chg_percent,name,price,symbol,ts,type,utctime,volume) VALUES ('1.949951','0.177189','USD/KRW','1102.444946','KRW=X','1424973670','currency','2015-02-26T18:01:10+0000','0')' in D:\openserver\OpenServer\framework\yii-1-1-14\framework\db\CDbCommand.php:358
Stack trace:
#0 D:\openserver\OpenServer\domains\yii-test\protected\controllers\CurrenciesController.php(78): CDbCommand->execute()
#1 D:\openserver\OpenServer\framework\yii-1-1-14\framework\web\actions\CInlineAction.php(49): CurrenciesController->actionCreate()
#2 D:\openserver\OpenServer\framework\yii-1-1-14\framework\web\CController.php(308): CInlineAction->runWithParams(Array)
#3 D:\openserver\OpenServer\framework\yii-1-1-14\framework\web\filters\CFilterChain.php(133): CController->runAction(Object(CInlineAction))
#4 D:\openserver\OpenServer\framework\yii-1-1-14\framework\web\CController.php(291): CFilterChain->run()
#5 D:\openserver\OpenServer\framework\yii-1-1-14\framework\web\CController.php(265): CController->runActionWithFilters(Object(CInlineAction), Array)
#6 D:\openserver\OpenServer\framework\yii-1-1-14\framework\web\CWebApplication.php(282): CController->run('create')
#7 D:\openserver\OpenServer\framework\yii-1-1-14\framework\web\CWebApplication.php(141): CWebApplication->runController('currencies/crea...')
#8 D:\openserver\OpenServer\framework\yii-1-1-14\framework\base\CApplication.php(180): CWebApplication->processRequest()
#9 D:\openserver\OpenServer\domains\yii-test\index.php(13): CApplication->run()
#10 {main}
REQUEST_URI=/index.php?r=currencies/create
HTTP_REFERER=http://yii-test/index.php?r=currencies/create
---
2015/02/26 22:06:24 [error] [system.db.CDbCommand] CDbCommand::execute() failed: SQLSTATE[42000]: Syntax error or access violation: 1064 You have an error in your SQL syntax; check the manual that corresponds to your MySQL server version for the right syntax to use near ') VALUES ('USD/KRW','1102.454956','KRW=X','1424973910','currency','2015-02-26T18' at line 1. The SQL statement executed was: INSERT INTO currencies (`name`,`price`,`symbol`,`ts`,`type`,`utctime`,`volume`,) VALUES ('USD/KRW','1102.454956','KRW=X','1424973910','currency','2015-02-26T18:05:10+0000','0').
in D:\openserver\OpenServer\domains\yii-test\protected\controllers\CurrenciesController.php (79)
in D:\openserver\OpenServer\domains\yii-test\index.php (13)
2015/02/26 22:06:24 [error] [exception.CDbException] exception 'CDbException' with message 'CDbCommand failed to execute the SQL statement: SQLSTATE[42000]: Syntax error or access violation: 1064 You have an error in your SQL syntax; check the manual that corresponds to your MySQL server version for the right syntax to use near ') VALUES ('USD/KRW','1102.454956','KRW=X','1424973910','currency','2015-02-26T18' at line 1. The SQL statement executed was: INSERT INTO currencies (`name`,`price`,`symbol`,`ts`,`type`,`utctime`,`volume`,) VALUES ('USD/KRW','1102.454956','KRW=X','1424973910','currency','2015-02-26T18:05:10+0000','0')' in D:\openserver\OpenServer\framework\yii-1-1-14\framework\db\CDbCommand.php:358
Stack trace:
#0 D:\openserver\OpenServer\domains\yii-test\protected\controllers\CurrenciesController.php(79): CDbCommand->execute()
#1 D:\openserver\OpenServer\framework\yii-1-1-14\framework\web\actions\CInlineAction.php(49): CurrenciesController->actionCreate()
#2 D:\openserver\OpenServer\framework\yii-1-1-14\framework\web\CController.php(308): CInlineAction->runWithParams(Array)
#3 D:\openserver\OpenServer\framework\yii-1-1-14\framework\web\filters\CFilterChain.php(133): CController->runAction(Object(CInlineAction))
#4 D:\openserver\OpenServer\framework\yii-1-1-14\framework\web\CController.php(291): CFilterChain->run()
#5 D:\openserver\OpenServer\framework\yii-1-1-14\framework\web\CController.php(265): CController->runActionWithFilters(Object(CInlineAction), Array)
#6 D:\openserver\OpenServer\framework\yii-1-1-14\framework\web\CWebApplication.php(282): CController->run('create')
#7 D:\openserver\OpenServer\framework\yii-1-1-14\framework\web\CWebApplication.php(141): CWebApplication->runController('currencies/crea...')
#8 D:\openserver\OpenServer\framework\yii-1-1-14\framework\base\CApplication.php(180): CWebApplication->processRequest()
#9 D:\openserver\OpenServer\domains\yii-test\index.php(13): CApplication->run()
#10 {main}
REQUEST_URI=/index.php?r=currencies/create
HTTP_REFERER=http://yii-test/index.php?r=currencies/create
---
2015/02/26 22:06:51 [error] [php] Cannot modify header information - headers already sent by (output started at D:\openserver\OpenServer\domains\yii-test\protected\controllers\CurrenciesController.php:78) (D:\openserver\OpenServer\framework\yii-1-1-14\framework\web\CHttpRequest.php:803)
Stack trace:
#0 D:\openserver\OpenServer\domains\yii-test\protected\controllers\CurrenciesController.php(82): CurrenciesController->redirect()
#1 D:\openserver\OpenServer\framework\yii-1-1-14\framework\web\actions\CInlineAction.php(49): CurrenciesController->actionCreate()
#2 D:\openserver\OpenServer\framework\yii-1-1-14\framework\web\CController.php(308): CInlineAction->runWithParams()
#3 D:\openserver\OpenServer\framework\yii-1-1-14\framework\web\filters\CFilterChain.php(133): CurrenciesController->runAction()
#4 D:\openserver\OpenServer\framework\yii-1-1-14\framework\web\CController.php(291): CFilterChain->run()
#5 D:\openserver\OpenServer\framework\yii-1-1-14\framework\web\CController.php(265): CurrenciesController->runActionWithFilters()
#6 D:\openserver\OpenServer\framework\yii-1-1-14\framework\web\CWebApplication.php(282): CurrenciesController->run()
#7 D:\openserver\OpenServer\framework\yii-1-1-14\framework\web\CWebApplication.php(141): CWebApplication->runController()
#8 D:\openserver\OpenServer\framework\yii-1-1-14\framework\base\CApplication.php(180): CWebApplication->processRequest()
#9 D:\openserver\OpenServer\domains\yii-test\index.php(13): CWebApplication->run()
REQUEST_URI=/index.php?r=currencies/create
in D:\openserver\OpenServer\domains\yii-test\protected\controllers\CurrenciesController.php (82)
in D:\openserver\OpenServer\domains\yii-test\index.php (13)
2015/02/26 22:19:30 [error] [exception.CException] exception 'CException' with message 'Property "Currencies.USD/KRW" is not defined.' in D:\openserver\OpenServer\framework\yii-1-1-14\framework\base\CComponent.php:130
Stack trace:
#0 D:\openserver\OpenServer\framework\yii-1-1-14\framework\db\ar\CActiveRecord.php(145): CComponent->__get('USD/KRW')
#1 D:\openserver\OpenServer\domains\yii-test\protected\controllers\CurrenciesController.php(77): CActiveRecord->__get('USD/KRW')
#2 D:\openserver\OpenServer\framework\yii-1-1-14\framework\web\actions\CInlineAction.php(49): CurrenciesController->actionCreate()
#3 D:\openserver\OpenServer\framework\yii-1-1-14\framework\web\CController.php(308): CInlineAction->runWithParams(Array)
#4 D:\openserver\OpenServer\framework\yii-1-1-14\framework\web\filters\CFilterChain.php(133): CController->runAction(Object(CInlineAction))
#5 D:\openserver\OpenServer\framework\yii-1-1-14\framework\web\CController.php(291): CFilterChain->run()
#6 D:\openserver\OpenServer\framework\yii-1-1-14\framework\web\CController.php(265): CController->runActionWithFilters(Object(CInlineAction), Array)
#7 D:\openserver\OpenServer\framework\yii-1-1-14\framework\web\CWebApplication.php(282): CController->run('create')
#8 D:\openserver\OpenServer\framework\yii-1-1-14\framework\web\CWebApplication.php(141): CWebApplication->runController('currencies/crea...')
#9 D:\openserver\OpenServer\framework\yii-1-1-14\framework\base\CApplication.php(180): CWebApplication->processRequest()
#10 D:\openserver\OpenServer\domains\yii-test\index.php(13): CApplication->run()
#11 {main}
REQUEST_URI=/index.php?r=currencies/create
HTTP_REFERER=http://yii-test/index.php?r=currencies/create
---
2015/02/26 22:19:46 [error] [exception.CException] exception 'CException' with message 'Property "Currencies.USD/KRW" is not defined.' in D:\openserver\OpenServer\framework\yii-1-1-14\framework\base\CComponent.php:130
Stack trace:
#0 D:\openserver\OpenServer\framework\yii-1-1-14\framework\db\ar\CActiveRecord.php(145): CComponent->__get('USD/KRW')
#1 D:\openserver\OpenServer\domains\yii-test\protected\controllers\CurrenciesController.php(77): CActiveRecord->__get('USD/KRW')
#2 D:\openserver\OpenServer\framework\yii-1-1-14\framework\web\actions\CInlineAction.php(49): CurrenciesController->actionCreate()
#3 D:\openserver\OpenServer\framework\yii-1-1-14\framework\web\CController.php(308): CInlineAction->runWithParams(Array)
#4 D:\openserver\OpenServer\framework\yii-1-1-14\framework\web\filters\CFilterChain.php(133): CController->runAction(Object(CInlineAction))
#5 D:\openserver\OpenServer\framework\yii-1-1-14\framework\web\CController.php(291): CFilterChain->run()
#6 D:\openserver\OpenServer\framework\yii-1-1-14\framework\web\CController.php(265): CController->runActionWithFilters(Object(CInlineAction), Array)
#7 D:\openserver\OpenServer\framework\yii-1-1-14\framework\web\CWebApplication.php(282): CController->run('create')
#8 D:\openserver\OpenServer\framework\yii-1-1-14\framework\web\CWebApplication.php(141): CWebApplication->runController('currencies/crea...')
#9 D:\openserver\OpenServer\framework\yii-1-1-14\framework\base\CApplication.php(180): CWebApplication->processRequest()
#10 D:\openserver\OpenServer\domains\yii-test\index.php(13): CApplication->run()
#11 {main}
REQUEST_URI=/index.php?r=currencies/create
HTTP_REFERER=http://yii-test/index.php?r=currencies/create
---
2015/02/26 22:28:30 [error] [exception.CException] exception 'CException' with message 'Property "Currencies.USD/KRW" is not defined.' in D:\openserver\OpenServer\framework\yii-1-1-14\framework\base\CComponent.php:130
Stack trace:
#0 D:\openserver\OpenServer\framework\yii-1-1-14\framework\db\ar\CActiveRecord.php(145): CComponent->__get('USD/KRW')
#1 D:\openserver\OpenServer\domains\yii-test\protected\controllers\CurrenciesController.php(78): CActiveRecord->__get('USD/KRW')
#2 D:\openserver\OpenServer\framework\yii-1-1-14\framework\web\actions\CInlineAction.php(49): CurrenciesController->actionCreate()
#3 D:\openserver\OpenServer\framework\yii-1-1-14\framework\web\CController.php(308): CInlineAction->runWithParams(Array)
#4 D:\openserver\OpenServer\framework\yii-1-1-14\framework\web\filters\CFilterChain.php(133): CController->runAction(Object(CInlineAction))
#5 D:\openserver\OpenServer\framework\yii-1-1-14\framework\web\CController.php(291): CFilterChain->run()
#6 D:\openserver\OpenServer\framework\yii-1-1-14\framework\web\CController.php(265): CController->runActionWithFilters(Object(CInlineAction), Array)
#7 D:\openserver\OpenServer\framework\yii-1-1-14\framework\web\CWebApplication.php(282): CController->run('create')
#8 D:\openserver\OpenServer\framework\yii-1-1-14\framework\web\CWebApplication.php(141): CWebApplication->runController('currencies/crea...')
#9 D:\openserver\OpenServer\framework\yii-1-1-14\framework\base\CApplication.php(180): CWebApplication->processRequest()
#10 D:\openserver\OpenServer\domains\yii-test\index.php(13): CApplication->run()
#11 {main}
REQUEST_URI=/index.php?r=currencies/create
HTTP_REFERER=http://yii-test/index.php?r=currencies/create
---
2015/02/26 22:28:50 [error] [exception.CException] exception 'CException' with message 'Property "Currencies.USD/KRW" is not defined.' in D:\openserver\OpenServer\framework\yii-1-1-14\framework\base\CComponent.php:130
Stack trace:
#0 D:\openserver\OpenServer\framework\yii-1-1-14\framework\db\ar\CActiveRecord.php(145): CComponent->__get('USD/KRW')
#1 D:\openserver\OpenServer\domains\yii-test\protected\controllers\CurrenciesController.php(78): CActiveRecord->__get('USD/KRW')
#2 D:\openserver\OpenServer\framework\yii-1-1-14\framework\web\actions\CInlineAction.php(49): CurrenciesController->actionCreate()
#3 D:\openserver\OpenServer\framework\yii-1-1-14\framework\web\CController.php(308): CInlineAction->runWithParams(Array)
#4 D:\openserver\OpenServer\framework\yii-1-1-14\framework\web\filters\CFilterChain.php(133): CController->runAction(Object(CInlineAction))
#5 D:\openserver\OpenServer\framework\yii-1-1-14\framework\web\CController.php(291): CFilterChain->run()
#6 D:\openserver\OpenServer\framework\yii-1-1-14\framework\web\CController.php(265): CController->runActionWithFilters(Object(CInlineAction), Array)
#7 D:\openserver\OpenServer\framework\yii-1-1-14\framework\web\CWebApplication.php(282): CController->run('create')
#8 D:\openserver\OpenServer\framework\yii-1-1-14\framework\web\CWebApplication.php(141): CWebApplication->runController('currencies/crea...')
#9 D:\openserver\OpenServer\framework\yii-1-1-14\framework\base\CApplication.php(180): CWebApplication->processRequest()
#10 D:\openserver\OpenServer\domains\yii-test\index.php(13): CApplication->run()
#11 {main}
REQUEST_URI=/index.php?r=currencies/create
HTTP_REFERER=http://yii-test/index.php?r=currencies/create
---
2015/02/26 22:29:02 [error] [exception.CException] exception 'CException' with message 'Property "Currencies.USD/KRW" is not defined.' in D:\openserver\OpenServer\framework\yii-1-1-14\framework\base\CComponent.php:130
Stack trace:
#0 D:\openserver\OpenServer\framework\yii-1-1-14\framework\db\ar\CActiveRecord.php(145): CComponent->__get('USD/KRW')
#1 D:\openserver\OpenServer\domains\yii-test\protected\controllers\CurrenciesController.php(78): CActiveRecord->__get('USD/KRW')
#2 D:\openserver\OpenServer\framework\yii-1-1-14\framework\web\actions\CInlineAction.php(49): CurrenciesController->actionCreate()
#3 D:\openserver\OpenServer\framework\yii-1-1-14\framework\web\CController.php(308): CInlineAction->runWithParams(Array)
#4 D:\openserver\OpenServer\framework\yii-1-1-14\framework\web\filters\CFilterChain.php(133): CController->runAction(Object(CInlineAction))
#5 D:\openserver\OpenServer\framework\yii-1-1-14\framework\web\CController.php(291): CFilterChain->run()
#6 D:\openserver\OpenServer\framework\yii-1-1-14\framework\web\CController.php(265): CController->runActionWithFilters(Object(CInlineAction), Array)
#7 D:\openserver\OpenServer\framework\yii-1-1-14\framework\web\CWebApplication.php(282): CController->run('create')
#8 D:\openserver\OpenServer\framework\yii-1-1-14\framework\web\CWebApplication.php(141): CWebApplication->runController('currencies/crea...')
#9 D:\openserver\OpenServer\framework\yii-1-1-14\framework\base\CApplication.php(180): CWebApplication->processRequest()
#10 D:\openserver\OpenServer\domains\yii-test\index.php(13): CApplication->run()
#11 {main}
REQUEST_URI=/index.php?r=currencies/create
HTTP_REFERER=http://yii-test/index.php?r=currencies/create
---
2015/02/26 22:29:28 [error] [php] Cannot modify header information - headers already sent by (output started at D:\openserver\OpenServer\domains\yii-test\protected\controllers\CurrenciesController.php:82) (D:\openserver\OpenServer\framework\yii-1-1-14\framework\web\CHttpRequest.php:803)
Stack trace:
#0 D:\openserver\OpenServer\domains\yii-test\protected\controllers\CurrenciesController.php(85): CurrenciesController->redirect()
#1 D:\openserver\OpenServer\framework\yii-1-1-14\framework\web\actions\CInlineAction.php(49): CurrenciesController->actionCreate()
#2 D:\openserver\OpenServer\framework\yii-1-1-14\framework\web\CController.php(308): CInlineAction->runWithParams()
#3 D:\openserver\OpenServer\framework\yii-1-1-14\framework\web\filters\CFilterChain.php(133): CurrenciesController->runAction()
#4 D:\openserver\OpenServer\framework\yii-1-1-14\framework\web\CController.php(291): CFilterChain->run()
#5 D:\openserver\OpenServer\framework\yii-1-1-14\framework\web\CController.php(265): CurrenciesController->runActionWithFilters()
#6 D:\openserver\OpenServer\framework\yii-1-1-14\framework\web\CWebApplication.php(282): CurrenciesController->run()
#7 D:\openserver\OpenServer\framework\yii-1-1-14\framework\web\CWebApplication.php(141): CWebApplication->runController()
#8 D:\openserver\OpenServer\framework\yii-1-1-14\framework\base\CApplication.php(180): CWebApplication->processRequest()
#9 D:\openserver\OpenServer\domains\yii-test\index.php(13): CWebApplication->run()
REQUEST_URI=/index.php?r=currencies/create
in D:\openserver\OpenServer\domains\yii-test\protected\controllers\CurrenciesController.php (85)
in D:\openserver\OpenServer\domains\yii-test\index.php (13)
2015/02/26 22:31:28 [error] [php] Cannot modify header information - headers already sent by (output started at D:\openserver\OpenServer\domains\yii-test\protected\controllers\CurrenciesController.php:84) (D:\openserver\OpenServer\framework\yii-1-1-14\framework\web\CHttpRequest.php:803)
Stack trace:
#0 D:\openserver\OpenServer\domains\yii-test\protected\controllers\CurrenciesController.php(88): CurrenciesController->redirect()
#1 D:\openserver\OpenServer\framework\yii-1-1-14\framework\web\actions\CInlineAction.php(49): CurrenciesController->actionCreate()
#2 D:\openserver\OpenServer\framework\yii-1-1-14\framework\web\CController.php(308): CInlineAction->runWithParams()
#3 D:\openserver\OpenServer\framework\yii-1-1-14\framework\web\filters\CFilterChain.php(133): CurrenciesController->runAction()
#4 D:\openserver\OpenServer\framework\yii-1-1-14\framework\web\CController.php(291): CFilterChain->run()
#5 D:\openserver\OpenServer\framework\yii-1-1-14\framework\web\CController.php(265): CurrenciesController->runActionWithFilters()
#6 D:\openserver\OpenServer\framework\yii-1-1-14\framework\web\CWebApplication.php(282): CurrenciesController->run()
#7 D:\openserver\OpenServer\framework\yii-1-1-14\framework\web\CWebApplication.php(141): CWebApplication->runController()
#8 D:\openserver\OpenServer\framework\yii-1-1-14\framework\base\CApplication.php(180): CWebApplication->processRequest()
#9 D:\openserver\OpenServer\domains\yii-test\index.php(13): CWebApplication->run()
REQUEST_URI=/index.php?r=currencies/create
in D:\openserver\OpenServer\domains\yii-test\protected\controllers\CurrenciesController.php (88)
in D:\openserver\OpenServer\domains\yii-test\index.php (13)
2015/02/26 22:32:07 [error] [php] Cannot modify header information - headers already sent by (output started at D:\openserver\OpenServer\domains\yii-test\protected\controllers\CurrenciesController.php:84) (D:\openserver\OpenServer\framework\yii-1-1-14\framework\web\CHttpRequest.php:803)
Stack trace:
#0 D:\openserver\OpenServer\domains\yii-test\protected\controllers\CurrenciesController.php(88): CurrenciesController->redirect()
#1 D:\openserver\OpenServer\framework\yii-1-1-14\framework\web\actions\CInlineAction.php(49): CurrenciesController->actionCreate()
#2 D:\openserver\OpenServer\framework\yii-1-1-14\framework\web\CController.php(308): CInlineAction->runWithParams()
#3 D:\openserver\OpenServer\framework\yii-1-1-14\framework\web\filters\CFilterChain.php(133): CurrenciesController->runAction()
#4 D:\openserver\OpenServer\framework\yii-1-1-14\framework\web\CController.php(291): CFilterChain->run()
#5 D:\openserver\OpenServer\framework\yii-1-1-14\framework\web\CController.php(265): CurrenciesController->runActionWithFilters()
#6 D:\openserver\OpenServer\framework\yii-1-1-14\framework\web\CWebApplication.php(282): CurrenciesController->run()
#7 D:\openserver\OpenServer\framework\yii-1-1-14\framework\web\CWebApplication.php(141): CWebApplication->runController()
#8 D:\openserver\OpenServer\framework\yii-1-1-14\framework\base\CApplication.php(180): CWebApplication->processRequest()
#9 D:\openserver\OpenServer\domains\yii-test\index.php(13): CWebApplication->run()
REQUEST_URI=/index.php?r=currencies/create
in D:\openserver\OpenServer\domains\yii-test\protected\controllers\CurrenciesController.php (88)
in D:\openserver\OpenServer\domains\yii-test\index.php (13)
2015/02/26 22:32:27 [error] [php] Cannot modify header information - headers already sent by (output started at D:\openserver\OpenServer\domains\yii-test\protected\controllers\CurrenciesController.php:84) (D:\openserver\OpenServer\framework\yii-1-1-14\framework\web\CHttpRequest.php:803)
Stack trace:
#0 D:\openserver\OpenServer\domains\yii-test\protected\controllers\CurrenciesController.php(90): CurrenciesController->redirect()
#1 D:\openserver\OpenServer\framework\yii-1-1-14\framework\web\actions\CInlineAction.php(49): CurrenciesController->actionCreate()
#2 D:\openserver\OpenServer\framework\yii-1-1-14\framework\web\CController.php(308): CInlineAction->runWithParams()
#3 D:\openserver\OpenServer\framework\yii-1-1-14\framework\web\filters\CFilterChain.php(133): CurrenciesController->runAction()
#4 D:\openserver\OpenServer\framework\yii-1-1-14\framework\web\CController.php(291): CFilterChain->run()
#5 D:\openserver\OpenServer\framework\yii-1-1-14\framework\web\CController.php(265): CurrenciesController->runActionWithFilters()
#6 D:\openserver\OpenServer\framework\yii-1-1-14\framework\web\CWebApplication.php(282): CurrenciesController->run()
#7 D:\openserver\OpenServer\framework\yii-1-1-14\framework\web\CWebApplication.php(141): CWebApplication->runController()
#8 D:\openserver\OpenServer\framework\yii-1-1-14\framework\base\CApplication.php(180): CWebApplication->processRequest()
#9 D:\openserver\OpenServer\domains\yii-test\index.php(13): CWebApplication->run()
REQUEST_URI=/index.php?r=currencies/create
in D:\openserver\OpenServer\domains\yii-test\protected\controllers\CurrenciesController.php (90)
in D:\openserver\OpenServer\domains\yii-test\index.php (13)
2015/02/26 22:34:16 [error] [php] Cannot modify header information - headers already sent by (output started at D:\openserver\OpenServer\domains\yii-test\protected\controllers\CurrenciesController.php:85) (D:\openserver\OpenServer\framework\yii-1-1-14\framework\web\CHttpRequest.php:803)
Stack trace:
#0 D:\openserver\OpenServer\domains\yii-test\protected\controllers\CurrenciesController.php(91): CurrenciesController->redirect()
#1 D:\openserver\OpenServer\framework\yii-1-1-14\framework\web\actions\CInlineAction.php(49): CurrenciesController->actionCreate()
#2 D:\openserver\OpenServer\framework\yii-1-1-14\framework\web\CController.php(308): CInlineAction->runWithParams()
#3 D:\openserver\OpenServer\framework\yii-1-1-14\framework\web\filters\CFilterChain.php(133): CurrenciesController->runAction()
#4 D:\openserver\OpenServer\framework\yii-1-1-14\framework\web\CController.php(291): CFilterChain->run()
#5 D:\openserver\OpenServer\framework\yii-1-1-14\framework\web\CController.php(265): CurrenciesController->runActionWithFilters()
#6 D:\openserver\OpenServer\framework\yii-1-1-14\framework\web\CWebApplication.php(282): CurrenciesController->run()
#7 D:\openserver\OpenServer\framework\yii-1-1-14\framework\web\CWebApplication.php(141): CWebApplication->runController()
#8 D:\openserver\OpenServer\framework\yii-1-1-14\framework\base\CApplication.php(180): CWebApplication->processRequest()
#9 D:\openserver\OpenServer\domains\yii-test\index.php(13): CWebApplication->run()
REQUEST_URI=/index.php?r=currencies/create
in D:\openserver\OpenServer\domains\yii-test\protected\controllers\CurrenciesController.php (91)
in D:\openserver\OpenServer\domains\yii-test\index.php (13)
2015/02/26 22:48:18 [error] [exception.CHttpException.404] exception 'CHttpException' with message 'Unable to resolve the request "index.php".' in D:\openserver\OpenServer\framework\yii-1-1-14\framework\web\CWebApplication.php:286
Stack trace:
#0 D:\openserver\OpenServer\framework\yii-1-1-14\framework\web\CWebApplication.php(141): CWebApplication->runController('index.php')
#1 D:\openserver\OpenServer\framework\yii-1-1-14\framework\base\CApplication.php(180): CWebApplication->processRequest()
#2 D:\openserver\OpenServer\domains\yii-test\index.php(13): CApplication->run()
#3 {main}
REQUEST_URI=/index.php?r=index.php
HTTP_REFERER=http://yii-test/index.php
---
2015/02/27 00:20:00 [error] [php] include(pagination.php) [<a href='function.include'>function.include</a>]: failed to open stream: No such file or directory (D:\openserver\OpenServer\framework\yii-1-1-14\framework\YiiBase.php:427)
Stack trace:
#0 D:\openserver\OpenServer\framework\yii-1-1-14\framework\web\CWidgetFactory.php(146): import()
#1 D:\openserver\OpenServer\framework\yii-1-1-14\framework\web\CBaseController.php(146): CWidgetFactory->createWidget()
#2 D:\openserver\OpenServer\framework\yii-1-1-14\framework\web\CBaseController.php(172): CListView->createWidget()
#3 D:\openserver\OpenServer\framework\yii-1-1-14\framework\zii\widgets\CBaseListView.php(271): CListView->widget()
#4 D:\openserver\OpenServer\framework\yii-1-1-14\framework\zii\widgets\CBaseListView.php(167): CListView->renderPager()
#5 unknown(0): CListView->renderSection()
#6 D:\openserver\OpenServer\framework\yii-1-1-14\framework\zii\widgets\CBaseListView.php(150): preg_replace_callback()
#7 D:\openserver\OpenServer\framework\yii-1-1-14\framework\zii\widgets\CBaseListView.php(135): CListView->renderContent()
#8 D:\openserver\OpenServer\framework\yii-1-1-14\framework\web\CBaseController.php(173): CListView->run()
#9 D:\openserver\OpenServer\domains\yii-test\protected\views\currencies\index.php(23): CurrenciesController->widget()
#10 D:\openserver\OpenServer\framework\yii-1-1-14\framework\web\CBaseController.php(126): require()
#11 D:\openserver\OpenServer\framework\yii-1-1-14\framework\web\CBaseController.php(95): CurrenciesController->renderInternal()
#12 D:\openserver\OpenServer\framework\yii-1-1-14\framework\web\CController.php(869): CurrenciesController->renderFile()
#13 D:\openserver\OpenServer\framework\yii-1-1-14\framework\web\CController.php(782): CurrenciesController->renderPartial()
#14 D:\openserver\OpenServer\domains\yii-test\protected\controllers\CurrenciesController.php(131): CurrenciesController->render()
#15 D:\openserver\OpenServer\framework\yii-1-1-14\framework\web\actions\CInlineAction.php(49): CurrenciesController->actionIndex()
#16 D:\openserver\OpenServer\framework\yii-1-1-14\framework\web\CController.php(308): CInlineAction->runWithParams()
#17 D:\openserver\OpenServer\framework\yii-1-1-14\framework\web\filters\CFilterChain.php(133): CurrenciesController->runAction()
#18 D:\openserver\OpenServer\framework\yii-1-1-14\framework\web\CController.php(291): CFilterChain->run()
#19 D:\openserver\OpenServer\framework\yii-1-1-14\framework\web\CController.php(265): CurrenciesController->runActionWithFilters()
#20 D:\openserver\OpenServer\framework\yii-1-1-14\framework\web\CWebApplication.php(282): CurrenciesController->run()
#21 D:\openserver\OpenServer\framework\yii-1-1-14\framework\web\CWebApplication.php(141): CWebApplication->runController()
#22 D:\openserver\OpenServer\framework\yii-1-1-14\framework\base\CApplication.php(180): CWebApplication->processRequest()
#23 D:\openserver\OpenServer\domains\yii-test\index.php(13): CWebApplication->run()
REQUEST_URI=/index.php?r=currencies/index
in D:\openserver\OpenServer\domains\yii-test\protected\views\currencies\index.php (23)
in D:\openserver\OpenServer\domains\yii-test\protected\controllers\CurrenciesController.php (131)
in D:\openserver\OpenServer\domains\yii-test\index.php (13)
2015/02/27 00:23:28 [error] [php] include(pagination.php) [<a href='function.include'>function.include</a>]: failed to open stream: No such file or directory (D:\openserver\OpenServer\framework\yii-1-1-14\framework\YiiBase.php:427)
Stack trace:
#0 D:\openserver\OpenServer\framework\yii-1-1-14\framework\web\CWidgetFactory.php(146): import()
#1 D:\openserver\OpenServer\framework\yii-1-1-14\framework\web\CBaseController.php(146): CWidgetFactory->createWidget()
#2 D:\openserver\OpenServer\framework\yii-1-1-14\framework\web\CBaseController.php(172): CListView->createWidget()
#3 D:\openserver\OpenServer\framework\yii-1-1-14\framework\zii\widgets\CBaseListView.php(271): CListView->widget()
#4 D:\openserver\OpenServer\framework\yii-1-1-14\framework\zii\widgets\CBaseListView.php(167): CListView->renderPager()
#5 unknown(0): CListView->renderSection()
#6 D:\openserver\OpenServer\framework\yii-1-1-14\framework\zii\widgets\CBaseListView.php(150): preg_replace_callback()
#7 D:\openserver\OpenServer\framework\yii-1-1-14\framework\zii\widgets\CBaseListView.php(135): CListView->renderContent()
#8 D:\openserver\OpenServer\framework\yii-1-1-14\framework\web\CBaseController.php(173): CListView->run()
#9 D:\openserver\OpenServer\domains\yii-test\protected\views\currencies\index.php(21): CurrenciesController->widget()
#10 D:\openserver\OpenServer\framework\yii-1-1-14\framework\web\CBaseController.php(126): require()
#11 D:\openserver\OpenServer\framework\yii-1-1-14\framework\web\CBaseController.php(95): CurrenciesController->renderInternal()
#12 D:\openserver\OpenServer\framework\yii-1-1-14\framework\web\CController.php(869): CurrenciesController->renderFile()
#13 D:\openserver\OpenServer\framework\yii-1-1-14\framework\web\CController.php(782): CurrenciesController->renderPartial()
#14 D:\openserver\OpenServer\domains\yii-test\protected\controllers\CurrenciesController.php(131): CurrenciesController->render()
#15 D:\openserver\OpenServer\framework\yii-1-1-14\framework\web\actions\CInlineAction.php(49): CurrenciesController->actionIndex()
#16 D:\openserver\OpenServer\framework\yii-1-1-14\framework\web\CController.php(308): CInlineAction->runWithParams()
#17 D:\openserver\OpenServer\framework\yii-1-1-14\framework\web\filters\CFilterChain.php(133): CurrenciesController->runAction()
#18 D:\openserver\OpenServer\framework\yii-1-1-14\framework\web\CController.php(291): CFilterChain->run()
#19 D:\openserver\OpenServer\framework\yii-1-1-14\framework\web\CController.php(265): CurrenciesController->runActionWithFilters()
#20 D:\openserver\OpenServer\framework\yii-1-1-14\framework\web\CWebApplication.php(282): CurrenciesController->run()
#21 D:\openserver\OpenServer\framework\yii-1-1-14\framework\web\CWebApplication.php(141): CWebApplication->runController()
#22 D:\openserver\OpenServer\framework\yii-1-1-14\framework\base\CApplication.php(180): CWebApplication->processRequest()
#23 D:\openserver\OpenServer\domains\yii-test\index.php(13): CWebApplication->run()
REQUEST_URI=/index.php?r=currencies/index
in D:\openserver\OpenServer\domains\yii-test\protected\views\currencies\index.php (21)
in D:\openserver\OpenServer\domains\yii-test\protected\controllers\CurrenciesController.php (131)
in D:\openserver\OpenServer\domains\yii-test\index.php (13)
2015/02/27 00:23:29 [error] [php] include(pagination.php) [<a href='function.include'>function.include</a>]: failed to open stream: No such file or directory (D:\openserver\OpenServer\framework\yii-1-1-14\framework\YiiBase.php:427)
Stack trace:
#0 D:\openserver\OpenServer\framework\yii-1-1-14\framework\web\CWidgetFactory.php(146): import()
#1 D:\openserver\OpenServer\framework\yii-1-1-14\framework\web\CBaseController.php(146): CWidgetFactory->createWidget()
#2 D:\openserver\OpenServer\framework\yii-1-1-14\framework\web\CBaseController.php(172): CListView->createWidget()
#3 D:\openserver\OpenServer\framework\yii-1-1-14\framework\zii\widgets\CBaseListView.php(271): CListView->widget()
#4 D:\openserver\OpenServer\framework\yii-1-1-14\framework\zii\widgets\CBaseListView.php(167): CListView->renderPager()
#5 unknown(0): CListView->renderSection()
#6 D:\openserver\OpenServer\framework\yii-1-1-14\framework\zii\widgets\CBaseListView.php(150): preg_replace_callback()
#7 D:\openserver\OpenServer\framework\yii-1-1-14\framework\zii\widgets\CBaseListView.php(135): CListView->renderContent()
#8 D:\openserver\OpenServer\framework\yii-1-1-14\framework\web\CBaseController.php(173): CListView->run()
#9 D:\openserver\OpenServer\domains\yii-test\protected\views\currencies\index.php(21): CurrenciesController->widget()
#10 D:\openserver\OpenServer\framework\yii-1-1-14\framework\web\CBaseController.php(126): require()
#11 D:\openserver\OpenServer\framework\yii-1-1-14\framework\web\CBaseController.php(95): CurrenciesController->renderInternal()
#12 D:\openserver\OpenServer\framework\yii-1-1-14\framework\web\CController.php(869): CurrenciesController->renderFile()
#13 D:\openserver\OpenServer\framework\yii-1-1-14\framework\web\CController.php(782): CurrenciesController->renderPartial()
#14 D:\openserver\OpenServer\domains\yii-test\protected\controllers\CurrenciesController.php(131): CurrenciesController->render()
#15 D:\openserver\OpenServer\framework\yii-1-1-14\framework\web\actions\CInlineAction.php(49): CurrenciesController->actionIndex()
#16 D:\openserver\OpenServer\framework\yii-1-1-14\framework\web\CController.php(308): CInlineAction->runWithParams()
#17 D:\openserver\OpenServer\framework\yii-1-1-14\framework\web\filters\CFilterChain.php(133): CurrenciesController->runAction()
#18 D:\openserver\OpenServer\framework\yii-1-1-14\framework\web\CController.php(291): CFilterChain->run()
#19 D:\openserver\OpenServer\framework\yii-1-1-14\framework\web\CController.php(265): CurrenciesController->runActionWithFilters()
#20 D:\openserver\OpenServer\framework\yii-1-1-14\framework\web\CWebApplication.php(282): CurrenciesController->run()
#21 D:\openserver\OpenServer\framework\yii-1-1-14\framework\web\CWebApplication.php(141): CWebApplication->runController()
#22 D:\openserver\OpenServer\framework\yii-1-1-14\framework\base\CApplication.php(180): CWebApplication->processRequest()
#23 D:\openserver\OpenServer\domains\yii-test\index.php(13): CWebApplication->run()
REQUEST_URI=/index.php?r=currencies/index
in D:\openserver\OpenServer\domains\yii-test\protected\views\currencies\index.php (21)
in D:\openserver\OpenServer\domains\yii-test\protected\controllers\CurrenciesController.php (131)
in D:\openserver\OpenServer\domains\yii-test\index.php (13)
2015/02/27 00:25:18 [error] [exception.CException] exception 'CException' with message 'Property "CListView.columns" is not defined.' in D:\openserver\OpenServer\framework\yii-1-1-14\framework\base\CComponent.php:173
Stack trace:
#0 D:\openserver\OpenServer\framework\yii-1-1-14\framework\web\CWidgetFactory.php(161): CComponent->__set('columns', NULL)
#1 D:\openserver\OpenServer\framework\yii-1-1-14\framework\web\CBaseController.php(146): CWidgetFactory->createWidget(Object(CurrenciesController), 'zii.widgets.CLi...', Array)
#2 D:\openserver\OpenServer\framework\yii-1-1-14\framework\web\CBaseController.php(172): CBaseController->createWidget('zii.widgets.CLi...', Array)
#3 D:\openserver\OpenServer\domains\yii-test\protected\views\currencies\index.php(30): CBaseController->widget('zii.widgets.CLi...', Array)
#4 D:\openserver\OpenServer\framework\yii-1-1-14\framework\web\CBaseController.php(126): require('D:\openserver\O...')
#5 D:\openserver\OpenServer\framework\yii-1-1-14\framework\web\CBaseController.php(95): CBaseController->renderInternal('D:\openserver\O...', Array, true)
#6 D:\openserver\OpenServer\framework\yii-1-1-14\framework\web\CController.php(869): CBaseController->renderFile('D:\openserver\O...', Array, true)
#7 D:\openserver\OpenServer\framework\yii-1-1-14\framework\web\CController.php(782): CController->renderPartial('index', Array, true)
#8 D:\openserver\OpenServer\domains\yii-test\protected\controllers\CurrenciesController.php(131): CController->render('index', Array)
#9 D:\openserver\OpenServer\framework\yii-1-1-14\framework\web\actions\CInlineAction.php(49): CurrenciesController->actionIndex()
#10 D:\openserver\OpenServer\framework\yii-1-1-14\framework\web\CController.php(308): CInlineAction->runWithParams(Array)
#11 D:\openserver\OpenServer\framework\yii-1-1-14\framework\web\filters\CFilterChain.php(133): CController->runAction(Object(CInlineAction))
#12 D:\openserver\OpenServer\framework\yii-1-1-14\framework\web\CController.php(291): CFilterChain->run()
#13 D:\openserver\OpenServer\framework\yii-1-1-14\framework\web\CController.php(265): CController->runActionWithFilters(Object(CInlineAction), Array)
#14 D:\openserver\OpenServer\framework\yii-1-1-14\framework\web\CWebApplication.php(282): CController->run('index')
#15 D:\openserver\OpenServer\framework\yii-1-1-14\framework\web\CWebApplication.php(141): CWebApplication->runController('currencies/inde...')
#16 D:\openserver\OpenServer\framework\yii-1-1-14\framework\base\CApplication.php(180): CWebApplication->processRequest()
#17 D:\openserver\OpenServer\domains\yii-test\index.php(13): CApplication->run()
#18 {main}
REQUEST_URI=/index.php?r=currencies/index
HTTP_REFERER=http://yii-test/index.php?r=currencies/view&id=866
---
2015/02/27 00:25:19 [error] [exception.CException] exception 'CException' with message 'Property "CListView.columns" is not defined.' in D:\openserver\OpenServer\framework\yii-1-1-14\framework\base\CComponent.php:173
Stack trace:
#0 D:\openserver\OpenServer\framework\yii-1-1-14\framework\web\CWidgetFactory.php(161): CComponent->__set('columns', NULL)
#1 D:\openserver\OpenServer\framework\yii-1-1-14\framework\web\CBaseController.php(146): CWidgetFactory->createWidget(Object(CurrenciesController), 'zii.widgets.CLi...', Array)
#2 D:\openserver\OpenServer\framework\yii-1-1-14\framework\web\CBaseController.php(172): CBaseController->createWidget('zii.widgets.CLi...', Array)
#3 D:\openserver\OpenServer\domains\yii-test\protected\views\currencies\index.php(30): CBaseController->widget('zii.widgets.CLi...', Array)
#4 D:\openserver\OpenServer\framework\yii-1-1-14\framework\web\CBaseController.php(126): require('D:\openserver\O...')
#5 D:\openserver\OpenServer\framework\yii-1-1-14\framework\web\CBaseController.php(95): CBaseController->renderInternal('D:\openserver\O...', Array, true)
#6 D:\openserver\OpenServer\framework\yii-1-1-14\framework\web\CController.php(869): CBaseController->renderFile('D:\openserver\O...', Array, true)
#7 D:\openserver\OpenServer\framework\yii-1-1-14\framework\web\CController.php(782): CController->renderPartial('index', Array, true)
#8 D:\openserver\OpenServer\domains\yii-test\protected\controllers\CurrenciesController.php(131): CController->render('index', Array)
#9 D:\openserver\OpenServer\framework\yii-1-1-14\framework\web\actions\CInlineAction.php(49): CurrenciesController->actionIndex()
#10 D:\openserver\OpenServer\framework\yii-1-1-14\framework\web\CController.php(308): CInlineAction->runWithParams(Array)
#11 D:\openserver\OpenServer\framework\yii-1-1-14\framework\web\filters\CFilterChain.php(133): CController->runAction(Object(CInlineAction))
#12 D:\openserver\OpenServer\framework\yii-1-1-14\framework\web\CController.php(291): CFilterChain->run()
#13 D:\openserver\OpenServer\framework\yii-1-1-14\framework\web\CController.php(265): CController->runActionWithFilters(Object(CInlineAction), Array)
#14 D:\openserver\OpenServer\framework\yii-1-1-14\framework\web\CWebApplication.php(282): CController->run('index')
#15 D:\openserver\OpenServer\framework\yii-1-1-14\framework\web\CWebApplication.php(141): CWebApplication->runController('currencies/inde...')
#16 D:\openserver\OpenServer\framework\yii-1-1-14\framework\base\CApplication.php(180): CWebApplication->processRequest()
#17 D:\openserver\OpenServer\domains\yii-test\index.php(13): CApplication->run()
#18 {main}
REQUEST_URI=/index.php?r=currencies/index
HTTP_REFERER=http://yii-test/index.php?r=currencies/view&id=866
---
2015/02/27 00:31:52 [error] [exception.CException] exception 'CException' with message 'CurrenciesController has an extra endWidget(CContentDecorator) call in its view.' in D:\openserver\OpenServer\framework\yii-1-1-14\framework\web\CBaseController.php:210
Stack trace:
#0 D:\openserver\OpenServer\framework\yii-1-1-14\framework\web\CBaseController.php(300): CBaseController->endWidget('CContentDecorat...')
#1 D:\openserver\OpenServer\domains\yii-test\protected\views\layouts\column2.php(27): CBaseController->endContent()
#2 D:\openserver\OpenServer\framework\yii-1-1-14\framework\web\CBaseController.php(126): require('D:\openserver\O...')
#3 D:\openserver\OpenServer\framework\yii-1-1-14\framework\web\CBaseController.php(95): CBaseController->renderInternal('D:\openserver\O...', Array, true)
#4 D:\openserver\OpenServer\framework\yii-1-1-14\framework\web\CController.php(784): CBaseController->renderFile('D:\openserver\O...', Array, true)
#5 D:\openserver\OpenServer\domains\yii-test\protected\controllers\CurrenciesController.php(131): CController->render('index', Array)
#6 D:\openserver\OpenServer\framework\yii-1-1-14\framework\web\actions\CInlineAction.php(49): CurrenciesController->actionIndex()
#7 D:\openserver\OpenServer\framework\yii-1-1-14\framework\web\CController.php(308): CInlineAction->runWithParams(Array)
#8 D:\openserver\OpenServer\framework\yii-1-1-14\framework\web\filters\CFilterChain.php(133): CController->runAction(Object(CInlineAction))
#9 D:\openserver\OpenServer\framework\yii-1-1-14\framework\web\CController.php(291): CFilterChain->run()
#10 D:\openserver\OpenServer\framework\yii-1-1-14\framework\web\CController.php(265): CController->runActionWithFilters(Object(CInlineAction), Array)
#11 D:\openserver\OpenServer\framework\yii-1-1-14\framework\web\CWebApplication.php(282): CController->run('index')
#12 D:\openserver\OpenServer\framework\yii-1-1-14\framework\web\CWebApplication.php(141): CWebApplication->runController('currencies/inde...')
#13 D:\openserver\OpenServer\framework\yii-1-1-14\framework\base\CApplication.php(180): CWebApplication->processRequest()
#14 D:\openserver\OpenServer\domains\yii-test\index.php(13): CApplication->run()
#15 {main}
REQUEST_URI=/index.php?r=currencies/index
HTTP_REFERER=http://yii-test/index.php?r=currencies/view&id=866
---
2015/02/27 00:31:54 [error] [exception.CException] exception 'CException' with message 'CurrenciesController has an extra endWidget(CContentDecorator) call in its view.' in D:\openserver\OpenServer\framework\yii-1-1-14\framework\web\CBaseController.php:210
Stack trace:
#0 D:\openserver\OpenServer\framework\yii-1-1-14\framework\web\CBaseController.php(300): CBaseController->endWidget('CContentDecorat...')
#1 D:\openserver\OpenServer\domains\yii-test\protected\views\layouts\column2.php(27): CBaseController->endContent()
#2 D:\openserver\OpenServer\framework\yii-1-1-14\framework\web\CBaseController.php(126): require('D:\openserver\O...')
#3 D:\openserver\OpenServer\framework\yii-1-1-14\framework\web\CBaseController.php(95): CBaseController->renderInternal('D:\openserver\O...', Array, true)
#4 D:\openserver\OpenServer\framework\yii-1-1-14\framework\web\CController.php(784): CBaseController->renderFile('D:\openserver\O...', Array, true)
#5 D:\openserver\OpenServer\domains\yii-test\protected\controllers\CurrenciesController.php(131): CController->render('index', Array)
#6 D:\openserver\OpenServer\framework\yii-1-1-14\framework\web\actions\CInlineAction.php(49): CurrenciesController->actionIndex()
#7 D:\openserver\OpenServer\framework\yii-1-1-14\framework\web\CController.php(308): CInlineAction->runWithParams(Array)
#8 D:\openserver\OpenServer\framework\yii-1-1-14\framework\web\filters\CFilterChain.php(133): CController->runAction(Object(CInlineAction))
#9 D:\openserver\OpenServer\framework\yii-1-1-14\framework\web\CController.php(291): CFilterChain->run()
#10 D:\openserver\OpenServer\framework\yii-1-1-14\framework\web\CController.php(265): CController->runActionWithFilters(Object(CInlineAction), Array)
#11 D:\openserver\OpenServer\framework\yii-1-1-14\framework\web\CWebApplication.php(282): CController->run('index')
#12 D:\openserver\OpenServer\framework\yii-1-1-14\framework\web\CWebApplication.php(141): CWebApplication->runController('currencies/inde...')
#13 D:\openserver\OpenServer\framework\yii-1-1-14\framework\base\CApplication.php(180): CWebApplication->processRequest()
#14 D:\openserver\OpenServer\domains\yii-test\index.php(13): CApplication->run()
#15 {main}
REQUEST_URI=/index.php?r=currencies/index
HTTP_REFERER=http://yii-test/index.php?r=currencies/view&id=866
---
2015/02/27 00:31:54 [error] [exception.CException] exception 'CException' with message 'CurrenciesController has an extra endWidget(CContentDecorator) call in its view.' in D:\openserver\OpenServer\framework\yii-1-1-14\framework\web\CBaseController.php:210
Stack trace:
#0 D:\openserver\OpenServer\framework\yii-1-1-14\framework\web\CBaseController.php(300): CBaseController->endWidget('CContentDecorat...')
#1 D:\openserver\OpenServer\domains\yii-test\protected\views\layouts\column2.php(27): CBaseController->endContent()
#2 D:\openserver\OpenServer\framework\yii-1-1-14\framework\web\CBaseController.php(126): require('D:\openserver\O...')
#3 D:\openserver\OpenServer\framework\yii-1-1-14\framework\web\CBaseController.php(95): CBaseController->renderInternal('D:\openserver\O...', Array, true)
#4 D:\openserver\OpenServer\framework\yii-1-1-14\framework\web\CController.php(784): CBaseController->renderFile('D:\openserver\O...', Array, true)
#5 D:\openserver\OpenServer\domains\yii-test\protected\controllers\CurrenciesController.php(131): CController->render('index', Array)
#6 D:\openserver\OpenServer\framework\yii-1-1-14\framework\web\actions\CInlineAction.php(49): CurrenciesController->actionIndex()
#7 D:\openserver\OpenServer\framework\yii-1-1-14\framework\web\CController.php(308): CInlineAction->runWithParams(Array)
#8 D:\openserver\OpenServer\framework\yii-1-1-14\framework\web\filters\CFilterChain.php(133): CController->runAction(Object(CInlineAction))
#9 D:\openserver\OpenServer\framework\yii-1-1-14\framework\web\CController.php(291): CFilterChain->run()
#10 D:\openserver\OpenServer\framework\yii-1-1-14\framework\web\CController.php(265): CController->runActionWithFilters(Object(CInlineAction), Array)
#11 D:\openserver\OpenServer\framework\yii-1-1-14\framework\web\CWebApplication.php(282): CController->run('index')
#12 D:\openserver\OpenServer\framework\yii-1-1-14\framework\web\CWebApplication.php(141): CWebApplication->runController('currencies/inde...')
#13 D:\openserver\OpenServer\framework\yii-1-1-14\framework\base\CApplication.php(180): CWebApplication->processRequest()
#14 D:\openserver\OpenServer\domains\yii-test\index.php(13): CApplication->run()
#15 {main}
REQUEST_URI=/index.php?r=currencies/index
HTTP_REFERER=http://yii-test/index.php?r=currencies/view&id=866
---
